0 info it worked if it ends with ok
1 verbose cli [ 'C:\\Program Files\\nodejs\\node.exe',
1 verbose cli   'C:\\Program Files\\nodejs\\node_modules\\npm\\bin\\npm-cli.js',
1 verbose cli   'start' ]
2 info using npm@3.7.3
3 info using node@v5.9.1
4 verbose run-script [ 'prestart', 'start', 'poststart' ]
5 info lifecycle meanfirst@1.0.0~prestart: meanfirst@1.0.0
6 silly lifecycle meanfirst@1.0.0~prestart: no script for prestart, continuing
7 info lifecycle meanfirst@1.0.0~start: meanfirst@1.0.0
8 verbose lifecycle meanfirst@1.0.0~start: unsafe-perm in lifecycle true
9 verbose lifecycle meanfirst@1.0.0~start: PATH: C:\Program Files\nodejs\node_modules\npm\bin\node-gyp-bin;J:\Desktop\#tag\FirstMean-working\node_modules\.bin;C:\Program Files\nodejs;C:\Program Files (x86)\Java\jre1.8.0_131\bin\client;C:\Program Files (x86)\Java\jre1.8.0_131\bin;C:\Program Files (x86)\IBM\WebSphere MQ\Java\lib;C:\Program Files (x86)\IBM\WebSphere MQ\Java\lib64;C:\Program Files (x86)\Java\jre1.8.0_112\bin\client;C:\Program Files (x86)\Java\jre1.8.0_112\bin;C:\ProgramData\Oracle\Java\javapath;C:\WINDOWS\system32;C:\WINDOWS;C:\WINDOWS\System32\Wbem;C:\WINDOWS\System32\WindowsPowerShell\v1.0\;C:\WINDOWS\System32\WindowsPowerShell\v1.0\;C:\Program Files (x86)\Microsoft Application Virtualization Client;C:\Program Files (x86)\Intel\OpenCL SDK\2.0\bin\x86;C:\Program Files (x86)\Intel\OpenCL SDK\2.0\bin\x64;C:\Program Files (x86)\IBM\WebSphere MQ\bin64;C:\Program Files (x86)\IBM\WebSphere MQ\bin;C:\Program Files (x86)\IBM\WebSphere MQ\tools\c\samples\bin;C:\Program Files\nodejs\;C:\Program Files\Git\cmd;C:\Users\a591947\AppData\Roaming\npm;C:\Program Files (x86)\Microsoft VS Code\bin;C:\java\jdk1.7.0_55\bin
10 verbose lifecycle meanfirst@1.0.0~start: CWD: J:\Desktop\#tag\FirstMean-working
11 silly lifecycle meanfirst@1.0.0~start: Args: [ '/d /s /c', 'node server.js' ]
12 silly lifecycle meanfirst@1.0.0~start: Returned: code: 1  signal: null
13 info lifecycle meanfirst@1.0.0~start: Failed to exec start script
14 verbose stack Error: meanfirst@1.0.0 start: `node server.js`
14 verbose stack Exit status 1
14 verbose stack     at EventEmitter.<anonymous> (C:\Program Files\nodejs\node_modules\npm\lib\utils\lifecycle.js:239:16)
14 verbose stack     at emitTwo (events.js:100:13)
14 verbose stack     at EventEmitter.emit (events.js:185:7)
14 verbose stack     at ChildProcess.<anonymous> (C:\Program Files\nodejs\node_modules\npm\lib\utils\spawn.js:24:14)
14 verbose stack     at emitTwo (events.js:100:13)
14 verbose stack     at ChildProcess.emit (events.js:185:7)
14 verbose stack     at maybeClose (internal/child_process.js:850:16)
14 verbose stack     at Process.ChildProcess._handle.onexit (internal/child_process.js:215:5)
15 verbose pkgid meanfirst@1.0.0
16 verbose cwd J:\Desktop\#tag\FirstMean-working
17 error Windows_NT 6.1.7601
18 error argv "C:\\Program Files\\nodejs\\node.exe" "C:\\Program Files\\nodejs\\node_modules\\npm\\bin\\npm-cli.js" "start"
19 error node v5.9.1
20 error npm  v3.7.3
21 error code ELIFECYCLE
22 error meanfirst@1.0.0 start: `node server.js`
22 error Exit status 1
23 error Failed at the meanfirst@1.0.0 start script 'node server.js'.
23 error Make sure you have the latest version of node.js and npm installed.
23 error If you do, this is most likely a problem with the meanfirst package,
23 error not with npm itself.
23 error Tell the author that this fails on your system:
23 error     node server.js
23 error You can get information on how to open an issue for this project with:
23 error     npm bugs meanfirst
23 error Or if that isn't available, you can get their info via:
23 error     npm owner ls meanfirst
23 error There is likely additional logging output above.
24 verbose exit [ 1, true ]
